2019-04-10 15:35:29.662 [info] <0.43.0> Application lager started on node nonode@nohost
2019-04-10 15:35:29.668 [info] <0.43.0> Application gen_stage started on node nonode@nohost
2019-04-10 15:35:29.668 [info] <0.43.0> Application broadway started on node nonode@nohost
2019-04-10 15:35:29.674 [info] <0.43.0> Application xmerl started on node nonode@nohost
2019-04-10 15:35:29.676 [info] <0.43.0> Application jsx started on node nonode@nohost
2019-04-10 15:35:29.681 [info] <0.43.0> Application ranch started on node nonode@nohost
2019-04-10 15:35:29.682 [info] <0.43.0> Application ranch_proxy_protocol started on node nonode@nohost
2019-04-10 15:35:29.683 [info] <0.43.0> Application recon started on node nonode@nohost
2019-04-10 15:35:29.683 [info] <0.43.0> Application rabbit_common started on node nonode@nohost
2019-04-10 15:35:29.691 [info] <0.43.0> Application amqp_client started on node nonode@nohost
2019-04-10 15:35:29.691 [info] <0.43.0> Application amqp started on node nonode@nohost
2019-04-10 15:35:29.691 [info] <0.43.0> Application broadway_rabbitmq started on node nonode@nohost
2019-04-10 15:35:29.692 [info] <0.43.0> Application broadqueue started on node nonode@nohost
2019-04-10 15:36:46.106 [info] <0.43.0> Application lager started on node nonode@nohost
2019-04-10 15:36:46.109 [info] <0.43.0> Application gen_stage started on node nonode@nohost
2019-04-10 15:36:46.111 [info] <0.43.0> Application broadway started on node nonode@nohost
2019-04-10 15:36:46.117 [info] <0.43.0> Application xmerl started on node nonode@nohost
2019-04-10 15:36:46.119 [info] <0.43.0> Application jsx started on node nonode@nohost
2019-04-10 15:36:46.123 [info] <0.43.0> Application ranch started on node nonode@nohost
2019-04-10 15:36:46.125 [info] <0.43.0> Application ranch_proxy_protocol started on node nonode@nohost
2019-04-10 15:36:46.126 [info] <0.43.0> Application recon started on node nonode@nohost
2019-04-10 15:36:46.126 [info] <0.43.0> Application rabbit_common started on node nonode@nohost
2019-04-10 15:36:46.132 [info] <0.43.0> Application amqp_client started on node nonode@nohost
2019-04-10 15:36:46.133 [info] <0.43.0> Application amqp started on node nonode@nohost
2019-04-10 15:36:46.133 [info] <0.43.0> Application broadway_rabbitmq started on node nonode@nohost
2019-04-10 15:36:47.000 [warning] <0.207.0> lager_error_logger_h dropped 49 messages in the last second that exceeded the limit of 50 messages/sec
2019-04-10 15:40:25.171 [info] <0.43.0> Application lager started on node nonode@nohost
2019-04-10 15:40:25.176 [info] <0.43.0> Application gen_stage started on node nonode@nohost
2019-04-10 15:40:25.178 [info] <0.43.0> Application broadway started on node nonode@nohost
2019-04-10 15:40:25.183 [info] <0.43.0> Application xmerl started on node nonode@nohost
2019-04-10 15:40:25.185 [info] <0.43.0> Application jsx started on node nonode@nohost
2019-04-10 15:40:25.190 [info] <0.43.0> Application ranch started on node nonode@nohost
2019-04-10 15:40:25.192 [info] <0.43.0> Application ranch_proxy_protocol started on node nonode@nohost
2019-04-10 15:40:25.193 [info] <0.43.0> Application recon started on node nonode@nohost
2019-04-10 15:40:25.193 [info] <0.43.0> Application rabbit_common started on node nonode@nohost
2019-04-10 15:40:25.200 [info] <0.43.0> Application amqp_client started on node nonode@nohost
2019-04-10 15:40:25.200 [info] <0.43.0> Application amqp started on node nonode@nohost
2019-04-10 15:40:25.200 [info] <0.43.0> Application broadway_rabbitmq started on node nonode@nohost
2019-04-10 15:40:26.000 [warning] <0.350.0> lager_error_logger_h dropped 49 messages in the last second that exceeded the limit of 50 messages/sec
2019-04-10 15:40:51.429 [info] <0.43.0> Application lager started on node nonode@nohost
2019-04-10 15:40:51.433 [info] <0.43.0> Application gen_stage started on node nonode@nohost
2019-04-10 15:40:51.435 [info] <0.43.0> Application broadway started on node nonode@nohost
2019-04-10 15:40:51.439 [info] <0.43.0> Application xmerl started on node nonode@nohost
2019-04-10 15:40:51.442 [info] <0.43.0> Application jsx started on node nonode@nohost
2019-04-10 15:40:51.446 [info] <0.43.0> Application ranch started on node nonode@nohost
2019-04-10 15:40:51.448 [info] <0.43.0> Application ranch_proxy_protocol started on node nonode@nohost
2019-04-10 15:40:51.449 [info] <0.43.0> Application recon started on node nonode@nohost
2019-04-10 15:40:51.449 [info] <0.43.0> Application rabbit_common started on node nonode@nohost
2019-04-10 15:40:51.455 [info] <0.43.0> Application amqp_client started on node nonode@nohost
2019-04-10 15:40:51.455 [info] <0.43.0> Application amqp started on node nonode@nohost
2019-04-10 15:40:51.455 [info] <0.43.0> Application broadway_rabbitmq started on node nonode@nohost
2019-04-10 15:40:52.000 [warning] <0.209.0> lager_error_logger_h dropped 49 messages in the last second that exceeded the limit of 50 messages/sec
2019-04-10 15:42:56.497 [info] <0.43.0> Application lager started on node nonode@nohost
2019-04-10 15:42:56.501 [info] <0.43.0> Application gen_stage started on node nonode@nohost
2019-04-10 15:42:56.503 [info] <0.43.0> Application broadway started on node nonode@nohost
2019-04-10 15:42:56.508 [info] <0.43.0> Application xmerl started on node nonode@nohost
2019-04-10 15:42:56.511 [info] <0.43.0> Application jsx started on node nonode@nohost
2019-04-10 15:42:56.515 [info] <0.43.0> Application ranch started on node nonode@nohost
2019-04-10 15:42:56.516 [info] <0.43.0> Application ranch_proxy_protocol started on node nonode@nohost
2019-04-10 15:42:56.517 [info] <0.43.0> Application recon started on node nonode@nohost
2019-04-10 15:42:56.518 [info] <0.43.0> Application rabbit_common started on node nonode@nohost
2019-04-10 15:42:56.523 [info] <0.43.0> Application amqp_client started on node nonode@nohost
2019-04-10 15:42:56.523 [info] <0.43.0> Application amqp started on node nonode@nohost
2019-04-10 15:42:56.524 [info] <0.43.0> Application broadway_rabbitmq started on node nonode@nohost
2019-04-10 15:42:56.547 [info] <0.43.0> Application broadqueue started on node nonode@nohost
2019-04-10 15:56:36.756 [info] <0.43.0> Application lager started on node nonode@nohost
2019-04-10 15:56:36.760 [info] <0.43.0> Application gen_stage started on node nonode@nohost
2019-04-10 15:56:36.763 [info] <0.43.0> Application broadway started on node nonode@nohost
2019-04-10 15:56:36.768 [info] <0.43.0> Application xmerl started on node nonode@nohost
2019-04-10 15:56:36.770 [info] <0.43.0> Application jsx started on node nonode@nohost
2019-04-10 15:56:36.774 [info] <0.43.0> Application ranch started on node nonode@nohost
2019-04-10 15:56:36.775 [info] <0.43.0> Application ranch_proxy_protocol started on node nonode@nohost
2019-04-10 15:56:36.776 [info] <0.43.0> Application recon started on node nonode@nohost
2019-04-10 15:56:36.776 [info] <0.43.0> Application rabbit_common started on node nonode@nohost
2019-04-10 15:56:36.782 [info] <0.43.0> Application amqp_client started on node nonode@nohost
2019-04-10 15:56:36.782 [info] <0.43.0> Application amqp started on node nonode@nohost
2019-04-10 15:56:36.782 [info] <0.43.0> Application broadway_rabbitmq started on node nonode@nohost
2019-04-10 15:56:36.815 [info] <0.43.0> Application broadqueue started on node nonode@nohost
2019-04-10 15:58:44.494 [info] <0.43.0> Application lager started on node nonode@nohost
2019-04-10 15:58:44.499 [info] <0.43.0> Application gen_stage started on node nonode@nohost
2019-04-10 15:58:44.501 [info] <0.43.0> Application broadway started on node nonode@nohost
2019-04-10 15:58:44.506 [info] <0.43.0> Application xmerl started on node nonode@nohost
2019-04-10 15:58:44.508 [info] <0.43.0> Application jsx started on node nonode@nohost
2019-04-10 15:58:44.514 [info] <0.43.0> Application ranch started on node nonode@nohost
2019-04-10 15:58:44.516 [info] <0.43.0> Application ranch_proxy_protocol started on node nonode@nohost
2019-04-10 15:58:44.517 [info] <0.43.0> Application recon started on node nonode@nohost
2019-04-10 15:58:44.517 [info] <0.43.0> Application rabbit_common started on node nonode@nohost
2019-04-10 15:58:44.523 [info] <0.43.0> Application amqp_client started on node nonode@nohost
2019-04-10 15:58:44.523 [info] <0.43.0> Application amqp started on node nonode@nohost
2019-04-10 15:58:44.523 [info] <0.43.0> Application broadway_rabbitmq started on node nonode@nohost
2019-04-10 15:58:44.553 [info] <0.43.0> Application broadqueue started on node nonode@nohost
